[0.013s] Invoking command in '/home/zekaicheong/asclinic-system/ros2_ws/build/ai4r_pkg': CMAKE_PREFIX_PATH=/home/zekaicheong/asclinic-system/ros2_ws/install/ai4r_interfaces:/home/zekaicheong/asclinic-system/ros2_ws/install/ai4r_pkg:/opt/ros/humble CONDA_PROMPT_MODIFIER=(base) /usr/bin/cmake --build /home/zekaicheong/asclinic-system/ros2_ws/build/ai4r_pkg -- -j16 -l16
[0.047s] [35m[1mConsolidate compiler generated dependencies of target looping[0m
[0.052s] [ 42%] Built target multiple_pub_sub
[0.052s] [ 42%] Built target listener
[0.052s] [ 42%] Built target oop_cpp_executable
[0.053s] [ 57%] Built target servo_pulse_width_sub
[0.054s] [ 71%] Built target minimal_cpp_executable
[0.056s] [ 85%] Built target talker
[0.057s] [ 85%] Built target ament_cmake_python_copy_ai4r_pkg
[0.059s] [ 92%] [32mBuilding CXX object CMakeFiles/looping.dir/src/looping_cpp_node.cpp.o[0m
[0.188s] running egg_info
[0.188s] writing ai4r_pkg.egg-info/PKG-INFO
[0.188s] writing dependency_links to ai4r_pkg.egg-info/dependency_links.txt
[0.188s] writing top-level names to ai4r_pkg.egg-info/top_level.txt
[0.190s] reading manifest file 'ai4r_pkg.egg-info/SOURCES.txt'
[0.190s] writing manifest file 'ai4r_pkg.egg-info/SOURCES.txt'
[0.206s] [ 92%] Built target ament_cmake_python_build_ai4r_pkg_egg
[1.290s] [01m[K/home/zekaicheong/asclinic-system/ros2_ws/src/ai4r_pkg/src/looping_cpp_node.cpp:[m[K In member function â€˜[01m[Kvoid Ros2PublisherNode::run()[m[Kâ€™:
[1.290s] [01m[K/home/zekaicheong/asclinic-system/ros2_ws/src/ai4r_pkg/src/looping_cpp_node.cpp:17:24:[m[K [01;31m[Kerror: [m[Kexpected primary-expression before â€˜[01m[K<[m[Kâ€™ token
[1.290s]    17 |             auto msg = [01;31m[K<[m[Kstd_msgs::msg::String>();
[1.290s]       |                        [01;31m[K^[m[K
[1.290s] [01m[K/home/zekaicheong/asclinic-system/ros2_ws/src/ai4r_pkg/src/looping_cpp_node.cpp:17:46:[m[K [01;31m[Kerror: [m[Kexpected primary-expression before â€˜[01m[K>[m[Kâ€™ token
[1.290s]    17 |             auto msg = <std_msgs::msg::String[01;31m[K>[m[K();
[1.290s]       |                                              [01;31m[K^[m[K
[1.290s] [01m[K/home/zekaicheong/asclinic-system/ros2_ws/src/ai4r_pkg/src/looping_cpp_node.cpp:17:48:[m[K [01;31m[Kerror: [m[Kexpected primary-expression before â€˜[01m[K)[m[Kâ€™ token
[1.290s]    17 |             auto msg = <std_msgs::msg::String>([01;31m[K)[m[K;
[1.290s]       |                                                [01;31m[K^[m[K
[1.290s] [01m[K/home/zekaicheong/asclinic-system/ros2_ws/src/ai4r_pkg/src/looping_cpp_node.cpp:20:30:[m[K [01;31m[Kerror: [m[Kno matching function for call to â€˜[01m[Kspin_some(Ros2PublisherNode*)[m[Kâ€™
[1.290s]    20 |             [01;31m[Krclcpp::spin_some(this)[m[K;
[1.290s]       |             [01;31m[K~~~~~~~~~~~~~~~~~^~~~~~[m[K
[1.291s] In file included from [01m[K/opt/ros/humble/include/rclcpp/rclcpp/rclcpp.hpp:155[m[K,
[1.291s]                  from [01m[K/home/zekaicheong/asclinic-system/ros2_ws/src/ai4r_pkg/src/looping_cpp_node.cpp:4[m[K:
[1.291s] [01m[K/opt/ros/humble/include/rclcpp/rclcpp/executors.hpp:35:1:[m[K [01;36m[Knote: [m[Kcandidate: â€˜[01m[Kvoid rclcpp::spin_some(rclcpp::node_interfaces::NodeBaseInterface::SharedPtr)[m[Kâ€™
[1.291s]    35 | [01;36m[Kspin_some[m[K(rclcpp::node_interfaces::NodeBaseInterface::SharedPtr node_ptr);
[1.291s]       | [01;36m[K^~~~~~~~~[m[K
[1.291s] [01m[K/opt/ros/humble/include/rclcpp/rclcpp/executors.hpp:35:65:[m[K [01;36m[Knote: [m[K  no known conversion for argument 1 from â€˜[01m[KRos2PublisherNode*[m[Kâ€™ to â€˜[01m[Krclcpp::node_interfaces::NodeBaseInterface::SharedPtr[m[Kâ€™ {aka â€˜[01m[Kstd::shared_ptr<rclcpp::node_interfaces::NodeBaseInterface>[m[Kâ€™}
[1.291s]    35 | spin_some([01;36m[Krclcpp::node_interfaces::NodeBaseInterface::SharedPtr node_ptr[m[K);
[1.291s]       |           [01;36m[K~~~~~~~~~~~~~~~~~~~~~~~~~~~~~~~~~~~~~~~~~~~~~~~~~~~~~~^~~~~~~~[m[K
[1.291s] [01m[K/opt/ros/humble/include/rclcpp/rclcpp/executors.hpp:39:1:[m[K [01;36m[Knote: [m[Kcandidate: â€˜[01m[Kvoid rclcpp::spin_some(rclcpp::Node::SharedPtr)[m[Kâ€™
[1.291s]    39 | [01;36m[Kspin_some[m[K(rclcpp::Node::SharedPtr node_ptr);
[1.291s]       | [01;36m[K^~~~~~~~~[m[K
[1.291s] [01m[K/opt/ros/humble/include/rclcpp/rclcpp/executors.hpp:39:35:[m[K [01;36m[Knote: [m[K  no known conversion for argument 1 from â€˜[01m[KRos2PublisherNode*[m[Kâ€™ to â€˜[01m[Krclcpp::Node::SharedPtr[m[Kâ€™ {aka â€˜[01m[Kstd::shared_ptr<rclcpp::Node>[m[Kâ€™}
[1.291s]    39 | spin_some([01;36m[Krclcpp::Node::SharedPtr node_ptr[m[K);
[1.291s]       |           [01;36m[K~~~~~~~~~~~~~~~~~~~~~~~~^~~~~~~~[m[K
[1.657s] gmake[2]: *** [CMakeFiles/looping.dir/build.make:76: CMakeFiles/looping.dir/src/looping_cpp_node.cpp.o] Error 1
[1.657s] gmake[1]: *** [CMakeFiles/Makefile2:308: CMakeFiles/looping.dir/all] Error 2
[1.657s] gmake: *** [Makefile:146: all] Error 2
[1.660s] Invoked command in '/home/zekaicheong/asclinic-system/ros2_ws/build/ai4r_pkg' returned '2': CMAKE_PREFIX_PATH=/home/zekaicheong/asclinic-system/ros2_ws/install/ai4r_interfaces:/home/zekaicheong/asclinic-system/ros2_ws/install/ai4r_pkg:/opt/ros/humble CONDA_PROMPT_MODIFIER=(base) /usr/bin/cmake --build /home/zekaicheong/asclinic-system/ros2_ws/build/ai4r_pkg -- -j16 -l16
